Created: 23.01.2023 16:20:38; Vehicle Id:  AA-1111-AA;  Summa: 3,5
Created: 23.01.2023 16:20:43; Vehicle Id:  AA-1111-AA;  Summa: 3,5
Created: 23.01.2023 16:20:48; Vehicle Id:  AA-1111-AA;  Summa: 3,5
Created: 23.01.2023 16:20:53; Vehicle Id:  AA-1111-AA;  Summa: 3,5
Created: 23.01.2023 16:20:58; Vehicle Id:  AA-1111-AA;  Summa: 3,5
Created: 23.01.2023 16:21:03; Vehicle Id:  AA-1111-AA;  Summa: 3,5
Created: 23.01.2023 16:21:08; Vehicle Id:  AA-1111-AA;  Summa: 3,5
Created: 23.01.2023 16:21:13; Vehicle Id:  AA-1111-AA;  Summa: 3,5
Created: 23.01.2023 16:21:18; Vehicle Id:  AA-1111-AA;  Summa: 3,5
Created: 23.01.2023 16:21:23; Vehicle Id:  AA-1111-AA;  Summa: 3,5
Created: 23.01.2023 16:21:28; Vehicle Id:  AA-1111-AA;  Summa: 3,5
Created: 23.01.2023 16:21:33; Vehicle Id:  AA-1111-AA;  Summa: 3,5

Created: 23.01.2023 16:21:38; Vehicle Id:  AA-1111-AA;  Summa: 3,5
Created: 23.01.2023 16:21:43; Vehicle Id:  AA-1111-AA;  Summa: 3,5
Created: 23.01.2023 16:21:48; Vehicle Id:  AA-1111-AA;  Summa: 3,5
Created: 23.01.2023 16:21:53; Vehicle Id:  AA-1111-AA;  Summa: 3,5
Created: 23.01.2023 16:21:58; Vehicle Id:  AA-1111-AA;  Summa: 3,5
Created: 23.01.2023 16:22:03; Vehicle Id:  AA-1111-AA;  Summa: 3,5
Created: 23.01.2023 16:22:08; Vehicle Id:  AA-1111-AA;  Summa: 3,5
Created: 23.01.2023 16:22:13; Vehicle Id:  AA-1111-AA;  Summa: 3,5
Created: 23.01.2023 16:22:18; Vehicle Id:  AA-1111-AA;  Summa: 3,5

Created: 23.01.2023 23:14:35; Vehicle Id:  SS-1111-DD;  Summa: 3,5
Created: 23.01.2023 23:14:40; Vehicle Id:  SS-1111-DD;  Summa: 3,5
Created: 23.01.2023 23:14:45; Vehicle Id:  SS-1111-DD;  Summa: 3,5
Created: 23.01.2023 23:14:50; Vehicle Id:  SS-1111-DD;  Summa: 3,5
Created: 23.01.2023 23:14:55; Vehicle Id:  SS-1111-DD;  Summa: 3,5
Created: 23.01.2023 23:15:00; Vehicle Id:  SS-1111-DD;  Summa: 3,5
Created: 23.01.2023 23:15:05; Vehicle Id:  SS-1111-DD;  Summa: 3,5
Created: 23.01.2023 23:15:10; Vehicle Id:  SS-1111-DD;  Summa: 3,5
Created: 23.01.2023 23:15:15; Vehicle Id:  SS-1111-DD;  Summa: 3,5
Created: 23.01.2023 23:15:20; Vehicle Id:  SS-1111-DD;  Summa: 3,5

Created: 23.01.2023 23:15:25; Vehicle Id:  SS-1111-DD;  Summa: 3,5
Created: 23.01.2023 23:15:30; Vehicle Id:  SS-1111-DD;  Summa: 3,5
Created: 23.01.2023 23:15:35; Vehicle Id:  SS-1111-DD;  Summa: 3,5
Created: 23.01.2023 23:15:40; Vehicle Id:  SS-1111-DD;  Summa: 3,5
Created: 23.01.2023 23:15:45; Vehicle Id:  SS-1111-DD;  Summa: 3,5
Created: 23.01.2023 23:15:50; Vehicle Id:  SS-1111-DD;  Summa: 3,5
Created: 23.01.2023 23:15:55; Vehicle Id:  SS-1111-DD;  Summa: 3,5
Created: 23.01.2023 23:16:00; Vehicle Id:  SS-1111-DD;  Summa: 3,5
Created: 23.01.2023 23:16:05; Vehicle Id:  SS-1111-DD;  Summa: 3,5
Created: 23.01.2023 23:16:10; Vehicle Id:  SS-1111-DD;  Summa: 3,5
Created: 23.01.2023 23:16:15; Vehicle Id:  SS-1111-DD;  Summa: 3,5
Created: 23.01.2023 23:16:20; Vehicle Id:  SS-1111-DD;  Summa: 3,5

Created: 23.01.2023 23:16:25; Vehicle Id:  SS-1111-DD;  Summa: 3,5
Created: 23.01.2023 23:16:30; Vehicle Id:  SS-1111-DD;  Summa: 3,5
Created: 23.01.2023 23:16:35; Vehicle Id:  SS-1111-DD;  Summa: 3,5
Created: 23.01.2023 23:16:40; Vehicle Id:  SS-1111-DD;  Summa: 3,5
Created: 23.01.2023 23:16:45; Vehicle Id:  SS-1111-DD;  Summa: 3,5
Created: 23.01.2023 23:16:50; Vehicle Id:  SS-1111-DD;  Summa: 3,5
Created: 23.01.2023 23:16:55; Vehicle Id:  SS-1111-DD;  Summa: 3,5
Created: 23.01.2023 23:17:00; Vehicle Id:  SS-1111-DD;  Summa: 3,5
Created: 23.01.2023 23:17:05; Vehicle Id:  SS-1111-DD;  Summa: 3,5
Created: 23.01.2023 23:17:10; Vehicle Id:  SS-1111-DD;  Summa: 3,5
Created: 23.01.2023 23:17:15; Vehicle Id:  SS-1111-DD;  Summa: 3,5

Created: 23.01.2023 23:17:25; Vehicle Id:  SS-1111-DD;  Summa: 3,5
Created: 23.01.2023 23:17:30; Vehicle Id:  SS-1111-DD;  Summa: 3,5
Created: 23.01.2023 23:17:35; Vehicle Id:  SS-1111-DD;  Summa: 3,5
Created: 23.01.2023 23:17:40; Vehicle Id:  SS-1111-DD;  Summa: 3,5
Created: 23.01.2023 23:17:45; Vehicle Id:  SS-1111-DD;  Summa: 3,5
Created: 23.01.2023 23:17:50; Vehicle Id:  SS-1111-DD;  Summa: 3,5
Created: 23.01.2023 23:17:55; Vehicle Id:  SS-1111-DD;  Summa: 3,5
Created: 23.01.2023 23:18:00; Vehicle Id:  SS-1111-DD;  Summa: 3,5
Created: 23.01.2023 23:18:05; Vehicle Id:  SS-1111-DD;  Summa: 3,5
Created: 23.01.2023 23:18:10; Vehicle Id:  SS-1111-DD;  Summa: 3,5
Created: 23.01.2023 23:18:15; Vehicle Id:  SS-1111-DD;  Summa: 3,5

Created: 23.01.2023 23:18:25; Vehicle Id:  SS-1111-DD;  Summa: 3,5
Created: 23.01.2023 23:18:30; Vehicle Id:  SS-1111-DD;  Summa: 3,5
Created: 23.01.2023 23:18:35; Vehicle Id:  SS-1111-DD;  Summa: 3,5
Created: 23.01.2023 23:18:40; Vehicle Id:  SS-1111-DD;  Summa: 3,5
Created: 23.01.2023 23:18:45; Vehicle Id:  SS-1111-DD;  Summa: 3,5
Created: 23.01.2023 23:18:50; Vehicle Id:  SS-1111-DD;  Summa: 3,5
Created: 23.01.2023 23:18:55; Vehicle Id:  SS-1111-DD;  Summa: 3,5
Created: 23.01.2023 23:19:00; Vehicle Id:  SS-1111-DD;  Summa: 3,5
Created: 23.01.2023 23:19:05; Vehicle Id:  SS-1111-DD;  Summa: 3,5
Created: 23.01.2023 23:19:10; Vehicle Id:  SS-1111-DD;  Summa: 3,5
Created: 23.01.2023 23:19:15; Vehicle Id:  SS-1111-DD;  Summa: 3,5
Created: 23.01.2023 23:19:20; Vehicle Id:  SS-1111-DD;  Summa: 3,5

Created: 23.01.2023 23:19:25; Vehicle Id:  SS-1111-DD;  Summa: 3,5
Created: 23.01.2023 23:19:30; Vehicle Id:  SS-1111-DD;  Summa: 3,5
Created: 23.01.2023 23:19:35; Vehicle Id:  SS-1111-DD;  Summa: 3,5
Created: 23.01.2023 23:19:40; Vehicle Id:  SS-1111-DD;  Summa: 3,5
Created: 23.01.2023 23:19:45; Vehicle Id:  SS-1111-DD;  Summa: 3,5
Created: 23.01.2023 23:19:50; Vehicle Id:  SS-1111-DD;  Summa: 3,5
Created: 23.01.2023 23:19:55; Vehicle Id:  SS-1111-DD;  Summa: 3,5
Created: 23.01.2023 23:20:00; Vehicle Id:  SS-1111-DD;  Summa: 3,5
Created: 23.01.2023 23:20:05; Vehicle Id:  SS-1111-DD;  Summa: 3,5
Created: 23.01.2023 23:20:10; Vehicle Id:  SS-1111-DD;  Summa: 3,5
Created: 23.01.2023 23:20:15; Vehicle Id:  SS-1111-DD;  Summa: 3,5
Created: 23.01.2023 23:20:20; Vehicle Id:  SS-1111-DD;  Summa: 3,5

Created: 25.01.2023 0:47:20; Vehicle Id:  SS-1111-SS;  Summa: 5
Created: 25.01.2023 0:47:25; Vehicle Id:  SS-1111-SS;  Summa: 5
Created: 25.01.2023 0:47:30; Vehicle Id:  SS-1111-SS;  Summa: 5
Created: 25.01.2023 0:47:35; Vehicle Id:  SS-1111-SS;  Summa: 5
Created: 25.01.2023 0:47:40; Vehicle Id:  SS-1111-SS;  Summa: 5
Created: 25.01.2023 0:47:45; Vehicle Id:  SS-1111-SS;  Summa: 5
Created: 25.01.2023 0:47:50; Vehicle Id:  SS-1111-SS;  Summa: 5
Created: 25.01.2023 0:47:50; Vehicle Id:  DD-1111-SS;  Summa: 2
Created: 25.01.2023 0:47:55; Vehicle Id:  SS-1111-SS;  Summa: 5
Created: 25.01.2023 0:47:55; Vehicle Id:  DD-1111-SS;  Summa: 2
Created: 25.01.2023 0:48:00; Vehicle Id:  SS-1111-SS;  Summa: 5
Created: 25.01.2023 0:48:00; Vehicle Id:  DD-1111-SS;  Summa: 2
Created: 25.01.2023 0:48:05; Vehicle Id:  SS-1111-SS;  Summa: 5
Created: 25.01.2023 0:48:05; Vehicle Id:  DD-1111-SS;  Summa: 2
Created: 25.01.2023 0:48:10; Vehicle Id:  SS-1111-SS;  Summa: 5
Created: 25.01.2023 0:48:10; Vehicle Id:  DD-1111-SS;  Summa: 2
Created: 25.01.2023 0:48:15; Vehicle Id:  SS-1111-SS;  Summa: 5
Created: 25.01.2023 0:48:15; Vehicle Id:  DD-1111-SS;  Summa: 2

Created: 25.01.2023 0:48:20; Vehicle Id:  SS-1111-SS;  Summa: 5
Created: 25.01.2023 0:48:20; Vehicle Id:  DD-1111-SS;  Summa: 2
Created: 25.01.2023 0:48:25; Vehicle Id:  SS-1111-SS;  Summa: 5
Created: 25.01.2023 0:48:25; Vehicle Id:  DD-1111-SS;  Summa: 2
Created: 25.01.2023 0:48:30; Vehicle Id:  SS-1111-SS;  Summa: 5
Created: 25.01.2023 0:48:30; Vehicle Id:  DD-1111-SS;  Summa: 2
Created: 25.01.2023 0:48:35; Vehicle Id:  SS-1111-SS;  Summa: 5
Created: 25.01.2023 0:48:35; Vehicle Id:  DD-1111-SS;  Summa: 2
Created: 25.01.2023 0:48:40; Vehicle Id:  SS-1111-SS;  Summa: 5
Created: 25.01.2023 0:48:40; Vehicle Id:  DD-1111-SS;  Summa: 2
Created: 25.01.2023 0:48:45; Vehicle Id:  SS-1111-SS;  Summa: 5
Created: 25.01.2023 0:48:45; Vehicle Id:  DD-1111-SS;  Summa: 2
Created: 25.01.2023 0:48:50; Vehicle Id:  SS-1111-SS;  Summa: 5
Created: 25.01.2023 0:48:50; Vehicle Id:  DD-1111-SS;  Summa: 2
Created: 25.01.2023 0:48:55; Vehicle Id:  SS-1111-SS;  Summa: 5
Created: 25.01.2023 0:48:55; Vehicle Id:  DD-1111-SS;  Summa: 2
Created: 25.01.2023 0:49:00; Vehicle Id:  SS-1111-SS;  Summa: 5
Created: 25.01.2023 0:49:00; Vehicle Id:  DD-1111-SS;  Summa: 2
Created: 25.01.2023 0:49:05; Vehicle Id:  SS-1111-SS;  Summa: 5
Created: 25.01.2023 0:49:05; Vehicle Id:  DD-1111-SS;  Summa: 2
Created: 25.01.2023 0:49:10; Vehicle Id:  SS-1111-SS;  Summa: 5
Created: 25.01.2023 0:49:10; Vehicle Id:  DD-1111-SS;  Summa: 2
Created: 25.01.2023 0:49:15; Vehicle Id:  SS-1111-SS;  Summa: 5
Created: 25.01.2023 0:49:15; Vehicle Id:  DD-1111-SS;  Summa: 2

Created: 25.01.2023 0:49:20; Vehicle Id:  SS-1111-SS;  Summa: 5
Created: 25.01.2023 0:49:20; Vehicle Id:  DD-1111-SS;  Summa: 2
Created: 25.01.2023 0:49:25; Vehicle Id:  SS-1111-SS;  Summa: 5
Created: 25.01.2023 0:49:25; Vehicle Id:  DD-1111-SS;  Summa: 2
Created: 25.01.2023 0:49:30; Vehicle Id:  SS-1111-SS;  Summa: 5
Created: 25.01.2023 0:49:30; Vehicle Id:  DD-1111-SS;  Summa: 2
Created: 25.01.2023 0:49:35; Vehicle Id:  SS-1111-SS;  Summa: 5
Created: 25.01.2023 0:49:35; Vehicle Id:  DD-1111-SS;  Summa: 2
Created: 25.01.2023 0:49:40; Vehicle Id:  SS-1111-SS;  Summa: 5
Created: 25.01.2023 0:49:40; Vehicle Id:  DD-1111-SS;  Summa: 2
Created: 25.01.2023 0:49:45; Vehicle Id:  SS-1111-SS;  Summa: 5
Created: 25.01.2023 0:49:45; Vehicle Id:  DD-1111-SS;  Summa: 2
Created: 25.01.2023 0:49:50; Vehicle Id:  SS-1111-SS;  Summa: 5
Created: 25.01.2023 0:49:50; Vehicle Id:  DD-1111-SS;  Summa: 2
Created: 25.01.2023 0:49:55; Vehicle Id:  SS-1111-SS;  Summa: 5
Created: 25.01.2023 0:49:55; Vehicle Id:  DD-1111-SS;  Summa: 2
Created: 25.01.2023 0:50:00; Vehicle Id:  SS-1111-SS;  Summa: 5
Created: 25.01.2023 0:50:00; Vehicle Id:  DD-1111-SS;  Summa: 2
Created: 25.01.2023 0:50:05; Vehicle Id:  SS-1111-SS;  Summa: 5
Created: 25.01.2023 0:50:05; Vehicle Id:  DD-1111-SS;  Summa: 2
Created: 25.01.2023 0:50:10; Vehicle Id:  SS-1111-SS;  Summa: 5
Created: 25.01.2023 0:50:10; Vehicle Id:  DD-1111-SS;  Summa: 2
Created: 25.01.2023 0:50:15; Vehicle Id:  SS-1111-SS;  Summa: 5
Created: 25.01.2023 0:50:15; Vehicle Id:  DD-1111-SS;  Summa: 2

Created: 25.01.2023 0:50:20; Vehicle Id:  SS-1111-SS;  Summa: 5
Created: 25.01.2023 0:50:20; Vehicle Id:  DD-1111-SS;  Summa: 2
Created: 25.01.2023 0:50:25; Vehicle Id:  SS-1111-SS;  Summa: 5
Created: 25.01.2023 0:50:25; Vehicle Id:  DD-1111-SS;  Summa: 2
Created: 25.01.2023 0:50:30; Vehicle Id:  SS-1111-SS;  Summa: 5
Created: 25.01.2023 0:50:30; Vehicle Id:  DD-1111-SS;  Summa: 2
Created: 25.01.2023 0:50:35; Vehicle Id:  SS-1111-SS;  Summa: 5
Created: 25.01.2023 0:50:35; Vehicle Id:  DD-1111-SS;  Summa: 2
Created: 25.01.2023 0:50:40; Vehicle Id:  SS-1111-SS;  Summa: 5
Created: 25.01.2023 0:50:40; Vehicle Id:  DD-1111-SS;  Summa: 2
Created: 25.01.2023 0:50:45; Vehicle Id:  SS-1111-SS;  Summa: 5
Created: 25.01.2023 0:50:45; Vehicle Id:  DD-1111-SS;  Summa: 2
Created: 25.01.2023 0:50:50; Vehicle Id:  SS-1111-SS;  Summa: 5
Created: 25.01.2023 0:50:55; Vehicle Id:  SS-1111-SS;  Summa: 5
Created: 25.01.2023 0:51:00; Vehicle Id:  SS-1111-SS;  Summa: 5
Created: 25.01.2023 0:51:05; Vehicle Id:  SS-1111-SS;  Summa: 5
Created: 25.01.2023 0:51:10; Vehicle Id:  SS-1111-SS;  Summa: 5

Created: 25.01.2023 0:51:20; Vehicle Id:  SS-1111-SS;  Summa: 5
Created: 25.01.2023 0:51:25; Vehicle Id:  SS-1111-SS;  Summa: 5
Created: 25.01.2023 0:51:30; Vehicle Id:  SS-1111-SS;  Summa: 5
Created: 25.01.2023 0:51:35; Vehicle Id:  SS-1111-SS;  Summa: 5
Created: 25.01.2023 0:51:40; Vehicle Id:  SS-1111-SS;  Summa: 5
Created: 25.01.2023 0:51:45; Vehicle Id:  SS-1111-SS;  Summa: 5
Created: 25.01.2023 0:51:50; Vehicle Id:  SS-1111-SS;  Summa: 5
Created: 25.01.2023 0:51:55; Vehicle Id:  SS-1111-SS;  Summa: 5
Created: 25.01.2023 0:52:00; Vehicle Id:  SS-1111-SS;  Summa: 5
Created: 25.01.2023 0:52:05; Vehicle Id:  SS-1111-SS;  Summa: 5
Created: 25.01.2023 0:52:10; Vehicle Id:  SS-1111-SS;  Summa: 5

Created: 25.01.2023 0:52:20; Vehicle Id:  SS-1111-SS;  Summa: 5
Created: 25.01.2023 0:52:25; Vehicle Id:  SS-1111-SS;  Summa: 5
Created: 25.01.2023 0:52:30; Vehicle Id:  SS-1111-SS;  Summa: 5
Created: 25.01.2023 0:52:35; Vehicle Id:  SS-1111-SS;  Summa: 5
Created: 25.01.2023 0:52:40; Vehicle Id:  SS-1111-SS;  Summa: 5
Created: 25.01.2023 0:52:45; Vehicle Id:  SS-1111-SS;  Summa: 5
Created: 25.01.2023 0:52:50; Vehicle Id:  SS-1111-SS;  Summa: 5
Created: 25.01.2023 0:52:55; Vehicle Id:  SS-1111-SS;  Summa: 5
Created: 25.01.2023 0:53:00; Vehicle Id:  SS-1111-SS;  Summa: 5
Created: 25.01.2023 0:53:05; Vehicle Id:  SS-1111-SS;  Summa: 5
Created: 25.01.2023 0:53:10; Vehicle Id:  SS-1111-SS;  Summa: 5
Created: 25.01.2023 0:53:15; Vehicle Id:  SS-1111-SS;  Summa: 5

Created: 25.01.2023 0:53:20; Vehicle Id:  SS-1111-SS;  Summa: 5
Created: 25.01.2023 0:53:25; Vehicle Id:  SS-1111-SS;  Summa: 5
Created: 25.01.2023 0:53:30; Vehicle Id:  SS-1111-SS;  Summa: 5
Created: 25.01.2023 0:53:35; Vehicle Id:  SS-1111-SS;  Summa: 5
Created: 25.01.2023 0:53:40; Vehicle Id:  SS-1111-SS;  Summa: 5
Created: 25.01.2023 0:53:45; Vehicle Id:  SS-1111-SS;  Summa: 5
Created: 25.01.2023 0:53:50; Vehicle Id:  SS-1111-SS;  Summa: 5
Created: 25.01.2023 0:53:55; Vehicle Id:  SS-1111-SS;  Summa: 5
Created: 25.01.2023 0:54:00; Vehicle Id:  SS-1111-SS;  Summa: 5
Created: 25.01.2023 0:54:05; Vehicle Id:  SS-1111-SS;  Summa: 5
Created: 25.01.2023 0:54:10; Vehicle Id:  SS-1111-SS;  Summa: 5

Created: 25.01.2023 0:54:20; Vehicle Id:  SS-1111-SS;  Summa: 5
Created: 25.01.2023 0:54:25; Vehicle Id:  SS-1111-SS;  Summa: 5
Created: 25.01.2023 0:54:30; Vehicle Id:  SS-1111-SS;  Summa: 5
Created: 25.01.2023 0:54:35; Vehicle Id:  SS-1111-SS;  Summa: 5
Created: 25.01.2023 0:54:40; Vehicle Id:  SS-1111-SS;  Summa: 5
Created: 25.01.2023 0:54:45; Vehicle Id:  SS-1111-SS;  Summa: 5
Created: 25.01.2023 0:54:50; Vehicle Id:  SS-1111-SS;  Summa: 5
Created: 25.01.2023 0:54:55; Vehicle Id:  SS-1111-SS;  Summa: 5
Created: 25.01.2023 0:55:00; Vehicle Id:  SS-1111-SS;  Summa: 5
Created: 25.01.2023 0:55:05; Vehicle Id:  SS-1111-SS;  Summa: 5
Created: 25.01.2023 0:55:10; Vehicle Id:  SS-1111-SS;  Summa: 5

Created: 25.01.2023 0:55:20; Vehicle Id:  SS-1111-SS;  Summa: 5
Created: 25.01.2023 0:55:25; Vehicle Id:  SS-1111-SS;  Summa: 5
Created: 25.01.2023 0:55:30; Vehicle Id:  SS-1111-SS;  Summa: 5
Created: 25.01.2023 0:55:35; Vehicle Id:  SS-1111-SS;  Summa: 5
Created: 25.01.2023 0:55:40; Vehicle Id:  SS-1111-SS;  Summa: 5
Created: 25.01.2023 0:55:45; Vehicle Id:  SS-1111-SS;  Summa: 5
Created: 25.01.2023 0:55:50; Vehicle Id:  SS-1111-SS;  Summa: 5
Created: 25.01.2023 0:55:55; Vehicle Id:  SS-1111-SS;  Summa: 5
Created: 25.01.2023 0:56:00; Vehicle Id:  SS-1111-SS;  Summa: 5
Created: 25.01.2023 0:56:05; Vehicle Id:  SS-1111-SS;  Summa: 5
Created: 25.01.2023 0:56:10; Vehicle Id:  SS-1111-SS;  Summa: 5
Created: 25.01.2023 0:56:15; Vehicle Id:  SS-1111-SS;  Summa: 5

Created: 25.01.2023 1:02:44; Vehicle Id:  SS-1111-SS;  Summa: 3,5
Created: 25.01.2023 1:02:49; Vehicle Id:  SS-1111-SS;  Summa: 3,5
Created: 25.01.2023 1:02:54; Vehicle Id:  SS-1111-SS;  Summa: 3,5
Created: 25.01.2023 1:02:59; Vehicle Id:  SS-1111-SS;  Summa: 3,5
Created: 25.01.2023 1:03:04; Vehicle Id:  SS-1111-SS;  Summa: 3,5
Created: 25.01.2023 1:03:09; Vehicle Id:  SS-1111-SS;  Summa: 3,5
Created: 25.01.2023 1:03:14; Vehicle Id:  SS-1111-SS;  Summa: 3,5
Created: 25.01.2023 1:03:19; Vehicle Id:  SS-1111-SS;  Summa: 3,5
Created: 25.01.2023 1:03:24; Vehicle Id:  SS-1111-SS;  Summa: 3,5
Created: 25.01.2023 1:03:29; Vehicle Id:  SS-1111-SS;  Summa: 3,5
Created: 25.01.2023 1:03:34; Vehicle Id:  SS-1111-SS;  Summa: 3,5
Created: 25.01.2023 1:03:39; Vehicle Id:  SS-1111-SS;  Summa: 3,5

Created: 25.01.2023 1:03:44; Vehicle Id:  SS-1111-SS;  Summa: 3,5
Created: 25.01.2023 1:03:49; Vehicle Id:  SS-1111-SS;  Summa: 3,5
Created: 25.01.2023 1:03:54; Vehicle Id:  SS-1111-SS;  Summa: 3,5
Created: 25.01.2023 1:03:59; Vehicle Id:  SS-1111-SS;  Summa: 3,5
Created: 25.01.2023 1:04:04; Vehicle Id:  SS-1111-SS;  Summa: 3,5
Created: 25.01.2023 1:04:09; Vehicle Id:  SS-1111-SS;  Summa: 3,5
Created: 25.01.2023 1:04:14; Vehicle Id:  SS-1111-SS;  Summa: 3,5
Created: 25.01.2023 1:04:19; Vehicle Id:  SS-1111-SS;  Summa: 3,5
Created: 25.01.2023 1:04:24; Vehicle Id:  SS-1111-SS;  Summa: 3,5
Created: 25.01.2023 1:04:29; Vehicle Id:  SS-1111-SS;  Summa: 3,5
Created: 25.01.2023 1:04:34; Vehicle Id:  SS-1111-SS;  Summa: 3,5
Created: 25.01.2023 1:04:39; Vehicle Id:  SS-1111-SS;  Summa: 3,5

Created: 25.01.2023 1:04:44; Vehicle Id:  SS-1111-SS;  Summa: 3,5
Created: 25.01.2023 1:04:49; Vehicle Id:  SS-1111-SS;  Summa: 3,5
Created: 25.01.2023 1:04:54; Vehicle Id:  SS-1111-SS;  Summa: 3,5
Created: 25.01.2023 1:04:59; Vehicle Id:  SS-1111-SS;  Summa: 3,5
Created: 25.01.2023 1:05:04; Vehicle Id:  SS-1111-SS;  Summa: 3,5
Created: 25.01.2023 1:05:09; Vehicle Id:  SS-1111-SS;  Summa: 3,5
Created: 25.01.2023 1:05:14; Vehicle Id:  SS-1111-SS;  Summa: 3,5
Created: 25.01.2023 1:05:19; Vehicle Id:  SS-1111-SS;  Summa: 3,5
Created: 25.01.2023 1:05:24; Vehicle Id:  SS-1111-SS;  Summa: 3,5
Created: 25.01.2023 1:05:29; Vehicle Id:  SS-1111-SS;  Summa: 3,5
Created: 25.01.2023 1:05:34; Vehicle Id:  SS-1111-SS;  Summa: 3,5

Created: 25.01.2023 16:49:31; Vehicle Id:  SS-1111-AA;  Summa: 3,5
Created: 25.01.2023 16:49:36; Vehicle Id:  SS-1111-AA;  Summa: 3,5
Created: 25.01.2023 16:49:41; Vehicle Id:  SS-1111-AA;  Summa: 3,5
Created: 25.01.2023 16:49:46; Vehicle Id:  SS-1111-AA;  Summa: 3,5
Created: 25.01.2023 16:49:51; Vehicle Id:  SS-1111-AA;  Summa: 3,5
Created: 25.01.2023 16:49:56; Vehicle Id:  SS-1111-AA;  Summa: 3,5
Created: 25.01.2023 16:50:01; Vehicle Id:  SS-1111-AA;  Summa: 3,5
Created: 25.01.2023 16:50:06; Vehicle Id:  SS-1111-AA;  Summa: 3,5
Created: 25.01.2023 16:50:11; Vehicle Id:  SS-1111-AA;  Summa: 3,5
Created: 25.01.2023 16:50:11; Vehicle Id:  SS-1111-WW;  Summa: 5
Created: 25.01.2023 16:50:16; Vehicle Id:  SS-1111-AA;  Summa: 3,5
Created: 25.01.2023 16:50:16; Vehicle Id:  SS-1111-WW;  Summa: 5
Created: 25.01.2023 16:50:21; Vehicle Id:  SS-1111-AA;  Summa: 3,5
Created: 25.01.2023 16:50:21; Vehicle Id:  SS-1111-WW;  Summa: 5
Created: 25.01.2023 16:50:26; Vehicle Id:  SS-1111-AA;  Summa: 3,5
Created: 25.01.2023 16:50:26; Vehicle Id:  SS-1111-WW;  Summa: 5

Created: 25.01.2023 17:17:12; Vehicle Id:  DD-1111-DD;  Summa: 3,5
Created: 25.01.2023 17:17:17; Vehicle Id:  DD-1111-DD;  Summa: 3,5

Created: 25.01.2023 17:17:22; Vehicle Id:  DD-1111-DD;  Summa: 3,5
Created: 25.01.2023 17:17:27; Vehicle Id:  DD-1111-DD;  Summa: 3,5
Created: 25.01.2023 17:17:32; Vehicle Id:  DD-1111-DD;  Summa: 3,5
Created: 25.01.2023 17:17:37; Vehicle Id:  DD-1111-DD;  Summa: 3,5
Created: 25.01.2023 17:17:42; Vehicle Id:  DD-1111-DD;  Summa: 3,5
Created: 25.01.2023 17:17:47; Vehicle Id:  DD-1111-DD;  Summa: 3,5
Created: 25.01.2023 17:17:52; Vehicle Id:  DD-1111-DD;  Summa: 3,5
Created: 25.01.2023 17:17:57; Vehicle Id:  DD-1111-DD;  Summa: 3,5
Created: 25.01.2023 17:18:02; Vehicle Id:  DD-1111-DD;  Summa: 3,5
Created: 25.01.2023 17:18:07; Vehicle Id:  DD-1111-DD;  Summa: 3,5
Created: 25.01.2023 17:18:12; Vehicle Id:  DD-1111-DD;  Summa: 3,5
Created: 25.01.2023 17:18:17; Vehicle Id:  DD-1111-DD;  Summa: 3,5

Created: 25.01.2023 17:18:22; Vehicle Id:  DD-1111-DD;  Summa: 3,5
Created: 25.01.2023 17:18:27; Vehicle Id:  DD-1111-DD;  Summa: 3,5
Created: 25.01.2023 17:18:32; Vehicle Id:  DD-1111-DD;  Summa: 3,5
Created: 25.01.2023 17:18:37; Vehicle Id:  DD-1111-DD;  Summa: 3,5
Created: 25.01.2023 17:18:42; Vehicle Id:  DD-1111-DD;  Summa: 3,5
Created: 25.01.2023 17:18:47; Vehicle Id:  DD-1111-DD;  Summa: 3,5
Created: 25.01.2023 17:18:52; Vehicle Id:  DD-1111-DD;  Summa: 3,5
Created: 25.01.2023 17:18:57; Vehicle Id:  DD-1111-DD;  Summa: 3,5
Created: 25.01.2023 17:19:02; Vehicle Id:  DD-1111-DD;  Summa: 3,5
Created: 25.01.2023 17:19:07; Vehicle Id:  DD-1111-DD;  Summa: 3,5
Created: 25.01.2023 17:19:12; Vehicle Id:  DD-1111-DD;  Summa: 3,5

Created: 25.01.2023 17:19:22; Vehicle Id:  DD-1111-DD;  Summa: 3,5
Created: 25.01.2023 17:19:27; Vehicle Id:  DD-1111-DD;  Summa: 3,5
Created: 25.01.2023 17:19:32; Vehicle Id:  DD-1111-DD;  Summa: 3,5
Created: 25.01.2023 17:19:37; Vehicle Id:  DD-1111-DD;  Summa: 3,5
Created: 25.01.2023 17:19:42; Vehicle Id:  DD-1111-DD;  Summa: 3,5
Created: 25.01.2023 17:19:47; Vehicle Id:  DD-1111-DD;  Summa: 3,5
Created: 25.01.2023 17:19:52; Vehicle Id:  DD-1111-DD;  Summa: 3,5
Created: 25.01.2023 17:19:57; Vehicle Id:  DD-1111-DD;  Summa: 3,5
Created: 25.01.2023 17:20:02; Vehicle Id:  DD-1111-DD;  Summa: 3,5
Created: 25.01.2023 17:20:07; Vehicle Id:  DD-1111-DD;  Summa: 3,5
Created: 25.01.2023 17:20:12; Vehicle Id:  DD-1111-DD;  Summa: 3,5

Created: 25.01.2023 17:20:22; Vehicle Id:  DD-1111-DD;  Summa: 3,5
Created: 25.01.2023 17:20:27; Vehicle Id:  DD-1111-DD;  Summa: 3,5
Created: 25.01.2023 17:20:32; Vehicle Id:  DD-1111-DD;  Summa: 3,5
Created: 25.01.2023 17:20:37; Vehicle Id:  DD-1111-DD;  Summa: 3,5
Created: 25.01.2023 17:20:42; Vehicle Id:  DD-1111-DD;  Summa: 3,5
Created: 25.01.2023 17:20:47; Vehicle Id:  DD-1111-DD;  Summa: 3,5

Created: 25.01.2023 17:29:13; Vehicle Id:  SS-1111-SS;  Summa: 3,5
Created: 25.01.2023 17:29:18; Vehicle Id:  SS-1111-SS;  Summa: 3,5
Created: 25.01.2023 17:29:23; Vehicle Id:  SS-1111-SS;  Summa: 3,5
Created: 25.01.2023 17:29:28; Vehicle Id:  SS-1111-SS;  Summa: 3,5
Created: 25.01.2023 17:29:33; Vehicle Id:  SS-1111-SS;  Summa: 3,5
Created: 25.01.2023 17:29:38; Vehicle Id:  SS-1111-SS;  Summa: 3,5
Created: 25.01.2023 17:29:43; Vehicle Id:  SS-1111-SS;  Summa: 3,5
Created: 25.01.2023 17:29:48; Vehicle Id:  SS-1111-SS;  Summa: 3,5
Created: 25.01.2023 17:29:53; Vehicle Id:  SS-1111-SS;  Summa: 3,5
Created: 25.01.2023 17:29:58; Vehicle Id:  SS-1111-SS;  Summa: 3,5
Created: 25.01.2023 17:30:03; Vehicle Id:  SS-1111-SS;  Summa: 3,5

Created: 25.01.2023 17:35:02; Vehicle Id:  DD-1111-DD;  Summa: 3,5
Created: 25.01.2023 17:35:07; Vehicle Id:  DD-1111-DD;  Summa: 3,5
Created: 25.01.2023 17:35:12; Vehicle Id:  DD-1111-DD;  Summa: 3,5
Created: 25.01.2023 17:35:17; Vehicle Id:  DD-1111-DD;  Summa: 3,5
Created: 25.01.2023 17:35:22; Vehicle Id:  DD-1111-DD;  Summa: 3,5
Created: 25.01.2023 17:35:27; Vehicle Id:  DD-1111-DD;  Summa: 3,5

Created: 25.01.2023 17:35:32; Vehicle Id:  DD-1111-DD;  Summa: 3,5
Created: 25.01.2023 17:35:37; Vehicle Id:  DD-1111-DD;  Summa: 3,5
Created: 25.01.2023 17:35:42; Vehicle Id:  DD-1111-DD;  Summa: 3,5
Created: 25.01.2023 17:35:47; Vehicle Id:  DD-1111-DD;  Summa: 3,5
Created: 25.01.2023 17:35:52; Vehicle Id:  DD-1111-DD;  Summa: 3,5
Created: 25.01.2023 17:36:03; Vehicle Id:  DD-1111-DD;  Summa: 3,5
Created: 25.01.2023 17:36:03; Vehicle Id:  DD-1111-DD;  Summa: 3,5
Created: 25.01.2023 17:36:08; Vehicle Id:  DD-1111-DD;  Summa: 3,5
Created: 25.01.2023 17:36:31; Vehicle Id:  DD-1111-DD;  Summa: 3,5
Created: 25.01.2023 17:36:31; Vehicle Id:  DD-1111-DD;  Summa: 3,5



